<?xml version="1.0" encoding="UTF-8"?>
<!-- Generated by org.testng.reporters.JUnitReportReporter -->
<testsuite hostname="KIMNGAN" failures="0" tests="3" name="webdriver.Topic_01_Check_Environment" time="0.281" errors="0" timestamp="27 Jun 2021 16:15:42 GMT" skipped="0">
  <testcase classname="webdriver.Topic_01_Check_Environment" name="TC_02_ValidatePageTitle" time="0.020"/>
  <testcase classname="webdriver.Topic_01_Check_Environment" name="TC_03_LoginFormDisplayed" time="0.237"/>
  <testcase classname="webdriver.Topic_01_Check_Environment" name="TC_01_ValidateCurrentUrl" time="0.024"/>
</testsuite> <!-- webdriver.Topic_01_Check_Environment -->
